TN:
SF:src\App.tsx
FN:11,(anonymous_1)
FNF:1
FNH:1
FNDA:1,(anonymous_1)
DA:1,1
DA:2,1
DA:3,1
DA:4,1
DA:5,1
DA:6,1
DA:7,1
DA:9,1
DA:11,1
DA:12,1
DA:26,1
LF:11
LH:11
BRF:0
BRH:0
end_of_record
TN:
SF:src\api\getCharacter.ts
FN:41,(anonymous_1)
FNF:1
FNH:1
FNDA:4,(anonymous_1)
DA:1,1
DA:41,1
DA:42,4
DA:43,4
DA:45,4
DA:47,4
DA:48,1
DA:50,3
DA:53,1
LF:9
LH:9
BRDA:42,0,0,1
BRDA:42,0,1,3
BRDA:42,1,0,3
BRDA:42,1,1,1
BRDA:47,2,0,1
BRF:5
BRH:5
end_of_record
TN:
SF:src\api\__mock__\characterMock.ts
FNF:0
FNH:0
DA:3,7
DA:36,7
LF:2
LH:2
BRF:0
BRH:0
end_of_record
TN:
SF:src\components\Card\Card.tsx
FN:14,(anonymous_1)
FNF:1
FNH:1
FNDA:1,(anonymous_1)
DA:1,1
DA:2,1
DA:14,1
DA:23,1
DA:35,1
LF:5
LH:5
BRF:0
BRH:0
end_of_record
TN:
SF:src\components\Card\CardSkeleton.tsx
FN:4,(anonymous_1)
FN:6,(anonymous_2)
FNF:2
FNH:2
FNDA:1,(anonymous_1)
FNDA:20,(anonymous_2)
DA:1,1
DA:2,1
DA:4,1
DA:5,1
DA:7,20
DA:14,1
LF:6
LH:6
BRF:0
BRH:0
end_of_record
TN:
SF:src\components\Footer\Footer.tsx
FN:3,(anonymous_1)
FNF:1
FNH:1
FNDA:1,(anonymous_1)
DA:1,1
DA:3,1
DA:4,1
DA:9,1
LF:4
LH:4
BRF:0
BRH:0
end_of_record
TN:
SF:src\components\Head\Head.tsx
FN:3,(anonymous_1)
FNF:1
FNH:1
FNDA:1,(anonymous_1)
DA:1,1
DA:3,1
DA:5,1
LF:3
LH:3
BRF:0
BRH:0
end_of_record
TN:
SF:src\components\List\List.tsx
FN:10,(anonymous_1)
FN:11,(anonymous_2)
FN:14,(anonymous_3)
FN:22,(anonymous_4)
FNF:4
FNH:4
FNDA:3,(anonymous_1)
FNDA:3,(anonymous_2)
FNDA:3,(anonymous_3)
FNDA:3,(anonymous_4)
DA:2,1
DA:3,1
DA:4,1
DA:10,1
DA:11,3
DA:13,3
DA:15,3
DA:20,3
DA:23,3
DA:38,1
LF:10
LH:10
BRDA:15,0,0,3
BRDA:15,0,1,2
BRDA:15,0,2,1
BRF:3
BRH:3
end_of_record
TN:
SF:src\components\Search\Search.tsx
FN:4,(anonymous_1)
FN:5,(anonymous_2)
FN:7,(anonymous_3)
FN:11,(anonymous_4)
FNF:4
FNH:4
FNDA:6,(anonymous_1)
FNDA:6,(anonymous_2)
FNDA:1,(anonymous_3)
FNDA:1,(anonymous_4)
DA:1,2
DA:2,2
DA:4,2
DA:5,6
DA:7,6
DA:8,1
DA:11,6
DA:12,1
DA:15,6
DA:29,2
LF:10
LH:10
BRF:0
BRH:0
end_of_record
TN:
SF:src\constants\apiConstants.ts
FNF:0
FNH:0
DA:5,1
DA:9,1
LF:2
LH:2
BRF:0
BRH:0
end_of_record
TN:
SF:src\containers\Home\Home.tsx
FN:7,(anonymous_1)
FNF:1
FNH:1
FNDA:3,(anonymous_1)
DA:1,1
DA:2,1
DA:3,1
DA:4,1
DA:5,1
DA:7,1
DA:8,3
DA:10,3
DA:20,1
LF:9
LH:9
BRDA:13,0,0,3
BRDA:13,0,1,1
BRDA:14,1,0,1
BRDA:14,1,1,2
BRDA:15,2,0,3
BRDA:15,2,1,1
BRF:6
BRH:6
end_of_record
TN:
SF:src\containers\Profile\Profile.tsx
FN:6,(anonymous_1)
FN:9,(anonymous_2)
FNF:2
FNH:2
FNDA:2,(anonymous_1)
FNDA:2,(anonymous_2)
DA:1,1
DA:2,1
DA:3,1
DA:4,1
DA:6,1
DA:7,2
DA:9,2
DA:10,2
DA:13,2
DA:14,1
DA:41,1
DA:43,1
DA:60,1
LF:13
LH:13
BRDA:13,0,0,1
BRF:1
BRH:1
end_of_record
TN:
SF:src\hooks\useCharacter.ts
FN:8,(anonymous_1)
FN:11,(anonymous_2)
FN:13,(anonymous_3)
FN:20,(anonymous_4)
FN:26,(anonymous_5)
FNF:5
FNH:5
FNDA:3,(anonymous_1)
FNDA:3,(anonymous_2)
FNDA:3,(anonymous_3)
FNDA:2,(anonymous_4)
FNDA:2,(anonymous_5)
DA:1,1
DA:2,1
DA:3,1
DA:4,1
DA:6,1
DA:8,1
DA:9,3
DA:11,3
DA:13,3
DA:18,3
DA:21,2
DA:22,2
DA:26,2
DA:29,3
DA:32,1
LF:15
LH:15
BRDA:13,0,0,3
BRDA:13,0,1,2
BRDA:21,1,0,2
BRDA:22,2,0,2
BRDA:22,2,1,1
BRDA:22,3,0,2
BRDA:22,3,1,1
BRDA:26,4,0,1
BRDA:26,4,1,1
BRDA:29,5,0,3
BRDA:29,5,1,2
BRF:11
BRH:11
end_of_record
TN:
SF:src\hooks\useCharacters.ts
FN:8,(anonymous_1)
FN:9,(anonymous_2)
FN:12,(anonymous_3)
FN:18,(anonymous_4)
FN:24,(anonymous_5)
FNF:5
FNH:5
FNDA:4,(anonymous_1)
FNDA:3,(anonymous_2)
FNDA:1,(anonymous_3)
FNDA:2,(anonymous_4)
FNDA:4,(anonymous_5)
DA:1,1
DA:2,1
DA:3,1
DA:4,1
DA:6,1
DA:8,1
DA:9,4
DA:10,4
DA:13,1
DA:14,1
DA:19,2
DA:20,2
DA:24,4
DA:25,4
DA:26,4
DA:30,4
DA:33,1
LF:17
LH:17
BRDA:13,0,0,1
BRDA:19,1,0,2
BRDA:19,1,1,1
BRDA:25,2,0,4
BRF:4
BRH:4
end_of_record
TN:
SF:src\hooks\useStore.ts
FN:15,(anonymous_0)
FN:17,(anonymous_1)
FN:17,(anonymous_2)
FN:19,(anonymous_3)
FN:20,(anonymous_4)
FN:29,(anonymous_5)
FN:29,(anonymous_6)
FN:31,(anonymous_7)
FN:31,(anonymous_8)
FN:33,(anonymous_9)
FN:33,(anonymous_10)
FNF:11
FNH:11
FNDA:6,(anonymous_0)
FNDA:1,(anonymous_1)
FNDA:1,(anonymous_2)
FNDA:1,(anonymous_3)
FNDA:1,(anonymous_4)
FNDA:1,(anonymous_5)
FNDA:1,(anonymous_6)
FNDA:1,(anonymous_7)
FNDA:1,(anonymous_8)
FNDA:1,(anonymous_9)
FNDA:1,(anonymous_10)
DA:1,2
DA:15,6
DA:17,1
DA:18,1
DA:19,1
DA:20,1
DA:24,1
DA:29,1
DA:31,1
DA:33,1
DA:36,2
LF:11
LH:11
BRF:0
BRH:0
end_of_record
